#
# There is insufficient memory for the Java Runtime Environment to continue.
# Native memory allocation (mmap) failed to map 22544384 bytes for committing reserved memory.
# Possible reasons:
#   The system is out of physical RAM or swap space
#   The process is running with CompressedOops enabled, and the Java Heap may be blocking the growth of the native heap
# Possible solutions:
#   Reduce memory load on the system
#   Increase physical memory or swap space
#   Check if swap backing store is full
#   Decrease Java heap size (-Xmx/-Xms)
#   Decrease number of Java threads
#   Decrease Java thread stack sizes (-Xss)
#   Set larger code cache with -XX:ReservedCodeCacheSize=
# This output file may be truncated or incomplete.
#
#  Out of Memory Error (os_linux.cpp:2757), pid=69558, tid=0x00007fcf31c3c700
#
# JRE version:  (8.0_242-b08) (build )
# Java VM: OpenJDK 64-Bit Server VM (25.242-b08 mixed mode linux-amd64 compressed oops)
# Failed to write core dump. Core dumps have been disabled. To enable core dumping, try "ulimit -c unlimited" before starting Java again
#

---------------  T H R E A D  ---------------

Current thread (0x00007fcf2800b000):  JavaThread "Unknown thread" [_thread_in_vm, id=69570, stack(0x00007fcf31b3c000,0x00007fcf31c3d000)]

Stack: [0x00007fcf31b3c000,0x00007fcf31c3d000],  sp=0x00007fcf31c3b660,  free space=1021k
Native frames: (J=compiled Java code, j=interpreted, Vv=VM code, C=native code)
V  [libjvm.so+0xa7ad8b]
V  [libjvm.so+0x4ccbcc]
V  [libjvm.so+0x8c8a28]
V  [libjvm.so+0x8c006e]
V  [libjvm.so+0x93ddb6]
V  [libjvm.so+0x92e8f3]
V  [libjvm.so+0x2b24a1]
V  [libjvm.so+0x8ee1b9]
V  [libjvm.so+0xa3e959]
V  [libjvm.so+0xa3eba2]
V  [libjvm.so+0x6181cf]
V  [libjvm.so+0xa23fcb]
V  [libjvm.so+0x692c12]  JNI_CreateJavaVM+0x62
C  [libjli.so+0x2f2e]
C  [libjli.so+0x74ed]
C  [libpthread.so.0+0x76ba]  start_thread+0xca


---------------  P R O C E S S  ---------------

Java Threads: ( => current thread )

Other Threads:

=>0x00007fcf2800b000 (exited) JavaThread "Unknown thread" [_thread_in_vm, id=69570, stack(0x00007fcf31b3c000,0x00007fcf31c3d000)]

VM state:not at safepoint (not fully initialized)

VM Mutex/Monitor currently owned by a thread: None

heap address: 0x00000000e1200000, size: 494 MB, Compressed Oops mode: Non-zero based:0x00000000e11ff000
Narrow klass base: 0x0000000000000000, Narrow klass shift: 0

GC Heap History (0 events):
No events

Deoptimization events (0 events):
No events

Classes redefined (0 events):
No events

Internal exceptions (0 events):
No events

Events (0 events):
No events


Dynamic libraries:
00400000-00401000 r-xp 00000000 08:01 1050309                            /usr/lib/jvm/java-8-openjdk-amd64/jre/bin/java
00600000-00601000 r--p 00000000 08:01 1050309                            /usr/lib/jvm/java-8-openjdk-amd64/jre/bin/java
00601000-00602000 rw-p 00001000 08:01 1050309                            /usr/lib/jvm/java-8-openjdk-amd64/jre/bin/java
02355000-02376000 rw-p 00000000 00:00 0                                  [heap]
e2780000-f5b80000 ---p 00000000 00:00 0 
f5b80000-f6600000 rw-p 00000000 00:00 0 
f6600000-100000000 ---p 00000000 00:00 0 
7fcf19000000-7fcf19270000 rwxp 00000000 00:00 0 
7fcf19270000-7fcf28000000 ---p 00000000 00:00 0 
7fcf28000000-7fcf28033000 rw-p 00000000 00:00 0 
7fcf28033000-7fcf2c000000 ---p 00000000 00:00 0 
7fcf2e0e3000-7fcf2e187000 ---p 00000000 00:00 0 
7fcf2e187000-7fcf2e18d000 rw-p 00000000 00:00 0 
7fcf2e18d000-7fcf2e1da000 ---p 00000000 00:00 0 
7fcf2e1da000-7fcf2e1e5000 rw-p 00000000 00:00 0 
7fcf2e1e5000-7fcf2e59b000 ---p 00000000 00:00 0 
7fcf2e59b000-7fcf2e5a3000 r-xp 00000000 08:01 1055217                    /usr/lib/jvm/java-8-openjdk-amd64/jre/lib/amd64/libzip.so
7fcf2e5a3000-7fcf2e7a2000 ---p 00008000 08:01 1055217                    /usr/lib/jvm/java-8-openjdk-amd64/jre/lib/amd64/libzip.so
7fcf2e7a2000-7fcf2e7a3000 r--p 00007000 08:01 1055217                    /usr/lib/jvm/java-8-openjdk-amd64/jre/lib/amd64/libzip.so
7fcf2e7a3000-7fcf2e7a4000 rw-p 00008000 08:01 1055217                    /usr/lib/jvm/java-8-openjdk-amd64/jre/lib/amd64/libzip.so
7fcf2e7a4000-7fcf2e7af000 r-xp 00000000 08:01 1050388                    /lib/x86_64-linux-gnu/libnss_files-2.23.so
7fcf2e7af000-7fcf2e9ae000 ---p 0000b000 08:01 1050388                    /lib/x86_64-linux-gnu/libnss_files-2.23.so
7fcf2e9ae000-7fcf2e9af000 r--p 0000a000 08:01 1050388                    /lib/x86_64-linux-gnu/libnss_files-2.23.so
7fcf2e9af000-7fcf2e9b0000 rw-p 0000b000 08:01 1050388                    /lib/x86_64-linux-gnu/libnss_files-2.23.so
7fcf2e9b0000-7fcf2e9b6000 rw-p 00000000 00:00 0 
7fcf2e9b6000-7fcf2e9c1000 r-xp 00000000 08:01 1050398                    /lib/x86_64-linux-gnu/libnss_nis-2.23.so
7fcf2e9c1000-7fcf2ebc0000 ---p 0000b000 08:01 1050398                    /lib/x86_64-linux-gnu/libnss_nis-2.23.so
7fcf2ebc0000-7fcf2ebc1000 r--p 0000a000 08:01 1050398                    /lib/x86_64-linux-gnu/libnss_nis-2.23.so
7fcf2ebc1000-7fcf2ebc2000 rw-p 0000b000 08:01 1050398                    /lib/x86_64-linux-gnu/libnss_nis-2.23.so
7fcf2ebc2000-7fcf2ebd8000 r-xp 00000000 08:01 1050382                    /lib/x86_64-linux-gnu/libnsl-2.23.so
7fcf2ebd8000-7fcf2edd7000 ---p 00016000 08:01 1050382                    /lib/x86_64-linux-gnu/libnsl-2.23.so
7fcf2edd7000-7fcf2edd8000 r--p 00015000 08:01 1050382                    /lib/x86_64-linux-gnu/libnsl-2.23.so
7fcf2edd8000-7fcf2edd9000 rw-p 00016000 08:01 1050382                    /lib/x86_64-linux-gnu/libnsl-2.23.so
7fcf2edd9000-7fcf2eddb000 rw-p 00000000 00:00 0 
7fcf2eddb000-7fcf2ede3000 r-xp 00000000 08:01 1050384                    /lib/x86_64-linux-gnu/libnss_compat-2.23.so
7fcf2ede3000-7fcf2efe2000 ---p 00008000 08:01 1050384                    /lib/x86_64-linux-gnu/libnss_compat-2.23.so
7fcf2efe2000-7fcf2efe3000 r--p 00007000 08:01 1050384                    /lib/x86_64-linux-gnu/libnss_compat-2.23.so
7fcf2efe3000-7fcf2efe4000 rw-p 00008000 08:01 1050384                    /lib/x86_64-linux-gnu/libnss_compat-2.23.so
7fcf2efe4000-7fcf2f00d000 r-xp 00000000 08:01 1055275                    /usr/lib/jvm/java-8-openjdk-amd64/jre/lib/amd64/libjava.so
7fcf2f00d000-7fcf2f20d000 ---p 00029000 08:01 1055275                    /usr/lib/jvm/java-8-openjdk-amd64/jre/lib/amd64/libjava.so
7fcf2f20d000-7fcf2f20e000 r--p 00029000 08:01 1055275                    /usr/lib/jvm/java-8-openjdk-amd64/jre/lib/amd64/libjava.so
7fcf2f20e000-7fcf2f210000 rw-p 0002a000 08:01 1055275                    /usr/lib/jvm/java-8-openjdk-amd64/jre/lib/amd64/libjava.so
7fcf2f210000-7fcf2f21f000 r-xp 00000000 08:01 1055124                    /usr/lib/jvm/java-8-openjdk-amd64/jre/lib/amd64/libverify.so
7fcf2f21f000-7fcf2f41e000 ---p 0000f000 08:01 1055124                    /usr/lib/jvm/java-8-openjdk-amd64/jre/lib/amd64/libverify.so
7fcf2f41e000-7fcf2f420000 r--p 0000e000 08:01 1055124                    /usr/lib/jvm/java-8-openjdk-amd64/jre/lib/amd64/libverify.so
7fcf2f420000-7fcf2f421000 rw-p 00010000 08:01 1055124                    /usr/lib/jvm/java-8-openjdk-amd64/jre/lib/amd64/libverify.so
7fcf2f421000-7fcf2f428000 r-xp 00000000 08:01 1050443                    /lib/x86_64-linux-gnu/librt-2.23.so
7fcf2f428000-7fcf2f627000 ---p 00007000 08:01 1050443                    /lib/x86_64-linux-gnu/librt-2.23.so
7fcf2f627000-7fcf2f628000 r--p 00006000 08:01 1050443                    /lib/x86_64-linux-gnu/librt-2.23.so
7fcf2f628000-7fcf2f629000 rw-p 00007000 08:01 1050443                    /lib/x86_64-linux-gnu/librt-2.23.so
7fcf2f629000-7fcf2f63f000 r-xp 00000000 08:01 1050327                    /lib/x86_64-linux-gnu/libgcc_s.so.1
7fcf2f63f000-7fcf2f83e000 ---p 00016000 08:01 1050327                    /lib/x86_64-linux-gnu/libgcc_s.so.1
7fcf2f83e000-7fcf2f83f000 rw-p 00015000 08:01 1050327                    /lib/x86_64-linux-gnu/libgcc_s.so.1
7fcf2f83f000-7fcf2f947000 r-xp 00000000 08:01 1050359                    /lib/x86_64-linux-gnu/libm-2.23.so
7fcf2f947000-7fcf2fb46000 ---p 00108000 08:01 1050359                    /lib/x86_64-linux-gnu/libm-2.23.so
7fcf2fb46000-7fcf2fb47000 r--p 00107000 08:01 1050359                    /lib/x86_64-linux-gnu/libm-2.23.so
7fcf2fb47000-7fcf2fb48000 rw-p 00108000 08:01 1050359                    /lib/x86_64-linux-gnu/libm-2.23.so
7fcf2fb48000-7fcf2fcba000 r-xp 00000000 08:01 916104                     /usr/lib/x86_64-linux-gnu/libstdc++.so.6.0.21
7fcf2fcba000-7fcf2feba000 ---p 00172000 08:01 916104                     /usr/lib/x86_64-linux-gnu/libstdc++.so.6.0.21
7fcf2feba000-7fcf2fec4000 r--p 00172000 08:01 916104                     /usr/lib/x86_64-linux-gnu/libstdc++.so.6.0.21
7fcf2fec4000-7fcf2fec6000 rw-p 0017c000 08:01 916104                     /usr/lib/x86_64-linux-gnu/libstdc++.so.6.0.21
7fcf2fec6000-7fcf2feca000 rw-p 00000000 00:00 0 
7fcf2feca000-7fcf30b32000 r-xp 00000000 08:01 1055279                    /usr/lib/jvm/java-8-openjdk-amd64/jre/lib/amd64/server/libjvm.so
7fcf30b32000-7fcf30d32000 ---p 00c68000 08:01 1055279                    /usr/lib/jvm/java-8-openjdk-amd64/jre/lib/amd64/server/libjvm.so
7fcf30d32000-7fcf30dc6000 r--p 00c68000 08:01 1055279                    /usr/lib/jvm/java-8-openjdk-amd64/jre/lib/amd64/server/libjvm.so
7fcf30dc6000-7fcf30def000 rw-p 00cfc000 08:01 1055279                    /usr/lib/jvm/java-8-openjdk-amd64/jre/lib/amd64/server/libjvm.so
7fcf30def000-7fcf30e1f000 rw-p 00000000 00:00 0 
7fcf30e1f000-7fcf30e37000 r-xp 00000000 08:01 1050435                    /lib/x86_64-linux-gnu/libpthread-2.23.so
7fcf30e37000-7fcf31036000 ---p 00018000 08:01 1050435                    /lib/x86_64-linux-gnu/libpthread-2.23.so
7fcf31036000-7fcf31037000 r--p 00017000 08:01 1050435                    /lib/x86_64-linux-gnu/libpthread-2.23.so
7fcf31037000-7fcf31038000 rw-p 00018000 08:01 1050435                    /lib/x86_64-linux-gnu/libpthread-2.23.so
7fcf31038000-7fcf3103c000 rw-p 00000000 00:00 0 
7fcf3103c000-7fcf3103f000 r-xp 00000000 08:01 1050313                    /lib/x86_64-linux-gnu/libdl-2.23.so
7fcf3103f000-7fcf3123e000 ---p 00003000 08:01 1050313                    /lib/x86_64-linux-gnu/libdl-2.23.so
7fcf3123e000-7fcf3123f000 r--p 00002000 08:01 1050313                    /lib/x86_64-linux-gnu/libdl-2.23.so
7fcf3123f000-7fcf31240000 rw-p 00003000 08:01 1050313                    /lib/x86_64-linux-gnu/libdl-2.23.so
7fcf31240000-7fcf31259000 r-xp 00000000 08:01 1049883                    /lib/x86_64-linux-gnu/libz.so.1.2.8
7fcf31259000-7fcf31458000 ---p 00019000 08:01 1049883                    /lib/x86_64-linux-gnu/libz.so.1.2.8
7fcf31458000-7fcf31459000 r--p 00018000 08:01 1049883                    /lib/x86_64-linux-gnu/libz.so.1.2.8
7fcf31459000-7fcf3145a000 rw-p 00019000 08:01 1049883                    /lib/x86_64-linux-gnu/libz.so.1.2.8
7fcf3145a000-7fcf3161a000 r-xp 00000000 08:01 1050289                    /lib/x86_64-linux-gnu/libc-2.23.so
7fcf3161a000-7fcf3181a000 ---p 001c0000 08:01 1050289                    /lib/x86_64-linux-gnu/libc-2.23.so
7fcf3181a000-7fcf3181e000 r--p 001c0000 08:01 1050289                    /lib/x86_64-linux-gnu/libc-2.23.so
7fcf3181e000-7fcf31820000 rw-p 001c4000 08:01 1050289                    /lib/x86_64-linux-gnu/libc-2.23.so
7fcf31820000-7fcf31824000 rw-p 00000000 00:00 0 
7fcf31824000-7fcf31831000 r-xp 00000000 08:01 1055250                    /usr/lib/jvm/java-8-openjdk-amd64/jre/lib/amd64/jli/libjli.so
7fcf31831000-7fcf31a31000 ---p 0000d000 08:01 1055250                    /usr/lib/jvm/java-8-openjdk-amd64/jre/lib/amd64/jli/libjli.so
7fcf31a31000-7fcf31a32000 r--p 0000d000 08:01 1055250                    /usr/lib/jvm/java-8-openjdk-amd64/jre/lib/amd64/jli/libjli.so
7fcf31a32000-7fcf31a33000 rw-p 0000e000 08:01 1055250                    /usr/lib/jvm/java-8-openjdk-amd64/jre/lib/amd64/jli/libjli.so
7fcf31a33000-7fcf31a59000 r-xp 00000000 08:01 1050261                    /lib/x86_64-linux-gnu/ld-2.23.so
7fcf31b3c000-7fcf31b3f000 ---p 00000000 00:00 0 
7fcf31b3f000-7fcf31c41000 rw-p 00000000 00:00 0 
7fcf31c4d000-7fcf31c55000 rw-s 00000000 08:01 133381                     /tmp/hsperfdata_middle/69558
7fcf31c55000-7fcf31c56000 rw-p 00000000 00:00 0 
7fcf31c56000-7fcf31c57000 r--p 00000000 00:00 0 
7fcf31c57000-7fcf31c58000 rw-p 00000000 00:00 0 
7fcf31c58000-7fcf31c59000 r--p 00025000 08:01 1050261                    /lib/x86_64-linux-gnu/ld-2.23.so
7fcf31c59000-7fcf31c5a000 rw-p 00026000 08:01 1050261                    /lib/x86_64-linux-gnu/ld-2.23.so
7fcf31c5a000-7fcf31c5b000 rw-p 00000000 00:00 0 
7ffc7b8b4000-7ffc7b8d6000 rw-p 00000000 00:00 0                          [stack]
7ffc7b974000-7ffc7b977000 r--p 00000000 00:00 0                          [vvar]
7ffc7b977000-7ffc7b979000 r-xp 00000000 00:00 0                          [vdso]
ffffffffff600000-ffffffffff601000 r-xp 00000000 00:00 0                  [vsyscall]

VM Arguments:
jvm_args: -Dclassworlds.conf=/usr/share/maven/bin/m2.conf -Dmaven.home=/usr/share/maven -Dmaven.multiModuleProjectDirectory=/home/middle/Isomerism-cluster/features 
java_command: org.codehaus.plexus.classworlds.launcher.Launcher -B -D maven.repo.local=/home/middle/.m2/repository org.apache.maven.plugins:maven-javadoc-plugin:2.10.4:test-javadoc
java_class_path (initial): /usr/share/maven/boot/plexus-classworlds-2.x.jar
Launcher Type: SUN_STANDARD

Environment Variables:
JAVA_HOME=/usr/lib/jvm/java-8-openjdk-amd64/jre/..
PATH=/home/middle/bin:/home/middle/.local/bin:/usr/local/sbin:/usr/local/bin:/usr/sbin:/usr/bin:/sbin:/bin:/usr/games:/usr/local/games:/snap/bin
SHELL=/bin/bash
DISPLAY=:0

Signal Handlers:
SIGSEGV: [libjvm.so+0xa7b8f0], sa_mask[0]=11111111011111111101111111111110, sa_flags=SA_RESTART|SA_SIGINFO
SIGBUS: [libjvm.so+0xa7b8f0], sa_mask[0]=11111111011111111101111111111110, sa_flags=SA_RESTART|SA_SIGINFO
SIGFPE: [libjvm.so+0x8c3a90], sa_mask[0]=11111111011111111101111111111110, sa_flags=SA_RESTART|SA_SIGINFO
SIGPIPE: [libjvm.so+0x8c3a90], sa_mask[0]=11111111011111111101111111111110, sa_flags=SA_RESTART|SA_SIGINFO
SIGXFSZ: [libjvm.so+0x8c3a90], sa_mask[0]=11111111011111111101111111111110, sa_flags=SA_RESTART|SA_SIGINFO
SIGILL: [libjvm.so+0x8c3a90], sa_mask[0]=11111111011111111101111111111110, sa_flags=SA_RESTART|SA_SIGINFO
SIGUSR1: SIG_DFL, sa_mask[0]=00000000000000000000000000000000, sa_flags=none
SIGUSR2: [libjvm.so+0x8c3940], sa_mask[0]=00100000000000000000000000000000, sa_flags=SA_RESTART|SA_SIGINFO
SIGHUP: SIG_DFL, sa_mask[0]=00000000000000000000000000000000, sa_flags=none
SIGINT: SIG_DFL, sa_mask[0]=00000000000000000000000000000000, sa_flags=none
SIGTERM: SIG_DFL, sa_mask[0]=00000000000000000000000000000000, sa_flags=none
SIGQUIT: SIG_DFL, sa_mask[0]=00000000000000000000000000000000, sa_flags=none


---------------  S Y S T E M  ---------------

OS:DISTRIB_ID=Ubuntu
DISTRIB_RELEASE=16.04
DISTRIB_CODENAME=xenial
DISTRIB_DESCRIPTION="Ubuntu 16.04.6 LTS"

uname:Linux 4.15.0-45-generic #48~16.04.1-Ubuntu SMP Tue Jan 29 18:03:48 UTC 2019 x86_64
libc:glibc 2.23 NPTL 2.23 
rlimit: STACK 8192k, CORE 0k, NPROC 7647, NOFILE 1048576, AS infinity
load average:9.07 3.20 1.22

/proc/meminfo:
MemTotal:        2017308 kB
MemFree:           53616 kB
MemAvailable:       3240 kB
Buffers:             596 kB
Cached:            74236 kB
SwapCached:           24 kB
Active:          1186196 kB
Inactive:         398072 kB
Active(anon):    1184108 kB
Inactive(anon):   394712 kB
Active(file):       2088 kB
Inactive(file):     3360 kB
Unevictable:          48 kB
Mlocked:              48 kB
SwapTotal:        998396 kB
SwapFree:              0 kB
Dirty:                 8 kB
Writeback:            12 kB
AnonPages:       1509660 kB
Mapped:             7804 kB
Shmem:             69256 kB
Slab:             107920 kB
SReclaimable:      44108 kB
SUnreclaim:        63812 kB
KernelStack:       13264 kB
PageTables:        45856 kB
NFS_Unstable:          0 kB
Bounce:                0 kB
WritebackTmp:          0 kB
CommitLimit:     2007048 kB
Committed_AS:    7023008 kB
VmallocTotal:   34359738367 kB
VmallocUsed:           0 kB
VmallocChunk:          0 kB
HardwareCorrupted:     0 kB
AnonHugePages:         0 kB
ShmemHugePages:        0 kB
ShmemPmdMapped:        0 kB
CmaTotal:              0 kB
CmaFree:               0 kB
HugePages_Total:       0
HugePages_Free:        0
HugePages_Rsvd:        0
HugePages_Surp:        0
Hugepagesize:       2048 kB
DirectMap4k:      227200 kB
DirectMap2M:     1869824 kB
DirectMap1G:           0 kB

container (cgroup) information:
container_type: cgroupv1
cpu_cpuset_cpus: 0-1
cpu_memory_nodes: 0
active_processor_count: 2
cpu_quota: -1
cpu_period: 100000
cpu_shares: -1
memory_limit_in_bytes: -1
memory_and_swap_limit_in_bytes: -2
memory_soft_limit_in_bytes: -1
memory_usage_in_bytes: 1622216704
memory_max_usage_in_bytes: 355549184


CPU:total 2 (initial active 2) (1 cores per cpu, 1 threads per core) family 6 model 158 stepping 12, cmov, cx8, fxsr, mmx, sse, sse2, sse3, ssse3, sse4.1, sse4.2, popcnt, avx, avx2, aes, clmul, erms, 3dnowpref, lzcnt, tsc, tscinvbit, bmi1, bmi2, adx

/proc/cpuinfo:
processor	: 0
vendor_id	: GenuineIntel
cpu family	: 6
model		: 158
model name	: Intel(R) Core(TM) i5-9400 CPU @ 2.90GHz
stepping	: 12
microcode	: 0xa2
cpu MHz		: 2904.000
cache size	: 9216 KB
physical id	: 0
siblings	: 1
core id		: 0
cpu cores	: 1
apicid		: 0
initial apicid	: 0
fpu		: yes
fpu_exception	: yes
cpuid level	: 22
wp		: yes
flags		: fpu vme de pse tsc msr pae mce cx8 apic sep mtrr pge mca cmov pat pse36 clflush mmx fxsr sse sse2 ss syscall nx pdpe1gb rdtscp lm constant_tsc arch_perfmon nopl xtopology tsc_reliable nonstop_tsc cpuid pni pclmulqdq ssse3 fma cx16 pcid sse4_1 sse4_2 x2apic movbe popcnt tsc_deadline_timer aes xsave avx f16c rdrand hypervisor lahf_lm abm 3dnowprefetch cpuid_fault invpcid_single ssbd ibrs ibpb stibp fsgsbase tsc_adjust bmi1 avx2 smep bmi2 invpcid mpx rdseed adx smap clflushopt xsaveopt xsavec xsaves arat flush_l1d arch_capabilities
bugs		: spectre_v1 spectre_v2 spec_store_bypass
bogomips	: 5808.00
clflush size	: 64
cache_alignment	: 64
address sizes	: 43 bits physical, 48 bits virtual
power management:

processor	: 1
vendor_id	: GenuineIntel
cpu family	: 6
model		: 158
model name	: Intel(R) Core(TM) i5-9400 CPU @ 2.90GHz
stepping	: 12
microcode	: 0xa2
cpu MHz		: 2904.000
cache size	: 9216 KB
physical id	: 2
siblings	: 1
core id		: 0
cpu cores	: 1
apicid		: 2
initial apicid	: 2
fpu		: yes
fpu_exception	: yes
cpuid level	: 22
wp		: yes
flags		: fpu vme de pse tsc msr pae mce cx8 apic sep mtrr pge mca cmov pat pse36 clflush mmx fxsr sse sse2 ss syscall nx pdpe1gb rdtscp lm constant_tsc arch_perfmon nopl xtopology tsc_reliable nonstop_tsc cpuid pni pclmulqdq ssse3 fma cx16 pcid sse4_1 sse4_2 x2apic movbe popcnt tsc_deadline_timer aes xsave avx f16c rdrand hypervisor lahf_lm abm 3dnowprefetch cpuid_fault invpcid_single ssbd ibrs ibpb stibp fsgsbase tsc_adjust bmi1 avx2 smep bmi2 invpcid mpx rdseed adx smap clflushopt xsaveopt xsavec xsaves arat flush_l1d arch_capabilities
bugs		: spectre_v1 spectre_v2 spec_store_bypass
bogomips	: 5808.00
clflush size	: 64
cache_alignment	: 64
address sizes	: 43 bits physical, 48 bits virtual
power management:



Memory: 4k page, physical 2017308k(54624k free), swap 998396k(0k free)

vm_info: OpenJDK 64-Bit Server VM (25.242-b08) for linux-amd64 JRE (1.8.0_242-8u242-b08-0ubuntu3~16.04-b08), built on Jan 18 2020 03:34:56 by "buildd" with gcc 5.4.0 20160609

time: Sun Mar  1 09:04:58 2020
timezone: CST
elapsed time: 0 seconds (0d 0h 0m 0s)

